7534 : 2026-04-30 03:46:09,062 : INFO : telemetry.main : Attempt start. Configuration directory [/home/alex/.azure]. Cache directory [/home/alex/.azure/telemetry/20260430034608921].
7534 : 2026-04-30 03:46:09,073 : INFO : telemetry.records : 1 cache files to upload.
7534 : 2026-04-30 03:46:09,073 : INFO : telemetry.records : Processed file /home/alex/.azure/telemetry/20260430034608921/cache into 1 records.
7534 : 2026-04-30 03:46:09,073 : INFO : telemetry.records : Remove directory /home/alex/.azure/telemetry/20260430034608921
7534 : 2026-04-30 03:46:09,074 : INFO : telemetry.client : Accumulated 1 events. Flush the clients.
7534 : 2026-04-30 03:46:09,074 : INFO : telemetry.client : Flush client c4395b75-49cc-422c-bc95-c7d51aef5d46.
7534 : 2026-04-30 03:46:09,350 : INFO : telemetry.sender : Sending 4499 bytes
7534 : 2026-04-30 03:46:09,350 : INFO : telemetry.sender : Finish uploading in 0.275865 seconds.
7559 : 2026-04-30 03:46:10,371 : INFO : telemetry.main : Attempt start. Configuration directory [/home/alex/.azure]. Cache directory [/home/alex/.azure/telemetry/20260430034610172].
7559 : 2026-04-30 03:46:10,383 : INFO : telemetry.records : 1 cache files to upload.
7559 : 2026-04-30 03:46:10,384 : INFO : telemetry.records : Processed file /home/alex/.azure/telemetry/20260430034610172/cache into 1 records.
7559 : 2026-04-30 03:46:10,384 : INFO : telemetry.records : Remove directory /home/alex/.azure/telemetry/20260430034610172
7559 : 2026-04-30 03:46:10,385 : INFO : telemetry.client : Accumulated 1 events. Flush the clients.
7559 : 2026-04-30 03:46:10,385 : INFO : telemetry.client : Flush client c4395b75-49cc-422c-bc95-c7d51aef5d46.
7559 : 2026-04-30 03:46:10,648 : INFO : telemetry.sender : Sending 4398 bytes
7559 : 2026-04-30 03:46:10,648 : INFO : telemetry.sender : Finish uploading in 0.262691 seconds.
7589 : 2026-04-30 03:46:11,613 : INFO : telemetry.main : Attempt start. Configuration directory [/home/alex/.azure]. Cache directory [/home/alex/.azure/telemetry/20260430034611359].
7589 : 2026-04-30 03:46:11,624 : INFO : telemetry.records : 1 cache files to upload.
7589 : 2026-04-30 03:46:11,624 : INFO : telemetry.records : Processed file /home/alex/.azure/telemetry/20260430034611359/cache into 1 records.
7589 : 2026-04-30 03:46:11,624 : INFO : telemetry.records : Remove directory /home/alex/.azure/telemetry/20260430034611359
7589 : 2026-04-30 03:46:11,625 : INFO : telemetry.client : Accumulated 1 events. Flush the clients.
7589 : 2026-04-30 03:46:11,625 : INFO : telemetry.client : Flush client c4395b75-49cc-422c-bc95-c7d51aef5d46.
7589 : 2026-04-30 03:46:11,875 : INFO : telemetry.sender : Sending 4480 bytes
7589 : 2026-04-30 03:46:11,875 : INFO : telemetry.sender : Finish uploading in 0.249525 seconds.
7607 : 2026-04-30 03:46:13,135 : INFO : telemetry.main : Attempt start. Configuration directory [/home/alex/.azure]. Cache directory [/home/alex/.azure/telemetry/20260430034612941].
7607 : 2026-04-30 03:46:13,153 : INFO : telemetry.records : 1 cache files to upload.
7607 : 2026-04-30 03:46:13,153 : INFO : telemetry.records : Processed file /home/alex/.azure/telemetry/20260430034612941/cache into 1 records.
7607 : 2026-04-30 03:46:13,153 : INFO : telemetry.records : Remove directory /home/alex/.azure/telemetry/20260430034612941
7607 : 2026-04-30 03:46:13,154 : INFO : telemetry.client : Accumulated 1 events. Flush the clients.
7607 : 2026-04-30 03:46:13,154 : INFO : telemetry.client : Flush client c4395b75-49cc-422c-bc95-c7d51aef5d46.
7607 : 2026-04-30 03:46:13,435 : INFO : telemetry.sender : Sending 4512 bytes
7607 : 2026-04-30 03:46:13,435 : INFO : telemetry.sender : Finish uploading in 0.280718 seconds.
